{
  "stats": {
    "suites": 1,
    "tests": 1,
    "passes": 1,
    "pending": 0,
    "failures": 0,
    "start": "2025-09-18T07:01:52.610Z",
    "end": "2025-09-18T07:02:14.678Z",
    "duration": 22068,
    "testsRegistered": 1,
    "passPercent": 100,
    "pendingPercent": 0,
    "other": 0,
    "hasOther": false,
    "skipped": 0,
    "hasSkipped": false
  },
  "results": [
    {
      "uuid": "828eb789-4b2c-4e4e-8e0a-df951b46a765",
      "title": "",
      "fullFile": "cypress\\e2e\\custom.cy.js",
      "file": "cypress\\e2e\\custom.cy.js",
      "beforeHooks": [],
      "afterHooks": [],
      "tests": [],
      "suites": [
        {
          "uuid": "35dcc6d4-7570-42bc-b7ef-c2a439050e76",
          "title": "OrangeHRM Login",
          "fullFile": "",
          "file": "",
          "beforeHooks": [],
          "afterHooks": [],
          "tests": [
            {
              "title": "should login with custom command",
              "fullTitle": "OrangeHRM Login should login with custom command",
              "timedOut": null,
              "duration": 9022,
              "state": "passed",
              "speed": "medium",
              "pass": true,
              "fail": false,
              "pending": false,
              "context": null,
              "code": "cy.login('Admin', 'admin123');\ncy.url().should('include', '/dashboard');",
              "err": {},
              "uuid": "e082e404-bb5d-4135-ab75-57374cccd2ca",
              "parentUUID": "35dcc6d4-7570-42bc-b7ef-c2a439050e76",
              "isHook": false,
              "skipped": false
            }
          ],
          "suites": [],
          "passes": [
            "e082e404-bb5d-4135-ab75-57374cccd2ca"
          ],
          "failures": [],
          "pending": [],
          "skipped": [],
          "duration": 9022,
          "root": false,
          "rootEmpty": false,
          "_timeout": 2000
        }
      ],
      "passes": [],
      "failures": [],
      "pending": [],
      "skipped": [],
      "duration": 0,
      "root": true,
      "rootEmpty": true,
      "_timeout": 2000
    }
  ],
  "meta": {
    "mocha": {
      "version": "7.2.0"
    },
    "mochawesome": {
      "options": {
        "quiet": false,
        "reportFilename": "mochawesome",
        "saveHtml": true,
        "saveJson": true,
        "consoleReporter": "spec",
        "useInlineDiffs": false,
        "code": true
      },
      "version": "7.1.4"
    },
    "marge": {
      "options": {
        "reportDir": "cypress/reports",
        "overwrite": false,
        "html": true,
        "json": true,
        "charts": true,
        "reportPageTitle": "OrangeHRM Test Report",
        "inlineAssets": true
      },
      "version": "6.3.0"
    }
  }
}